2009.10.18 02:31 B C:\Arquivos de programas\Apache Software Foundation\Apache2.2\htdocs\sisbeleza\js\ui\effects.blind.js --> alltasks.orgfree.com /sisbeleza/js/ui effects.blind.js
2009.10.18 02:31 B C:\Arquivos de programas\Apache Software Foundation\Apache2.2\htdocs\sisbeleza\js\ui\effects.bounce.js --> alltasks.orgfree.com /sisbeleza/js/ui effects.bounce.js
2009.10.18 02:31 B C:\Arquivos de programas\Apache Software Foundation\Apache2.2\htdocs\sisbeleza\js\ui\effects.clip.js --> alltasks.orgfree.com /sisbeleza/js/ui effects.clip.js
2009.10.18 02:31 B C:\Arquivos de programas\Apache Software Foundation\Apache2.2\htdocs\sisbeleza\js\ui\effects.core.js --> alltasks.orgfree.com /sisbeleza/js/ui effects.core.js
2009.10.18 02:31 B C:\Arquivos de programas\Apache Software Foundation\Apache2.2\htdocs\sisbeleza\js\ui\effects.drop.js --> alltasks.orgfree.com /sisbeleza/js/ui effects.drop.js
2009.10.18 02:31 B C:\Arquivos de programas\Apache Software Foundation\Apache2.2\htdocs\sisbeleza\js\ui\effects.explode.js --> alltasks.orgfree.com /sisbeleza/js/ui effects.explode.js
2009.10.18 02:31 B C:\Arquivos de programas\Apache Software Foundation\Apache2.2\htdocs\sisbeleza\js\ui\effects.fold.js --> alltasks.orgfree.com /sisbeleza/js/ui effects.fold.js
2009.10.18 02:31 B C:\Arquivos de programas\Apache Software Foundation\Apache2.2\htdocs\sisbeleza\js\ui\effects.highlight.js --> alltasks.orgfree.com /sisbeleza/js/ui effects.highlight.js
2009.10.18 02:31 B C:\Arquivos de programas\Apache Software Foundation\Apache2.2\htdocs\sisbeleza\js\ui\effects.pulsate.js --> alltasks.orgfree.com /sisbeleza/js/ui effects.pulsate.js
2009.10.18 02:31 B C:\Arquivos de programas\Apache Software Foundation\Apache2.2\htdocs\sisbeleza\js\ui\effects.scale.js --> alltasks.orgfree.com /sisbeleza/js/ui effects.scale.js
2009.10.18 02:31 B C:\Arquivos de programas\Apache Software Foundation\Apache2.2\htdocs\sisbeleza\js\ui\effects.shake.js --> alltasks.orgfree.com /sisbeleza/js/ui effects.shake.js
2009.10.18 02:31 B C:\Arquivos de programas\Apache Software Foundation\Apache2.2\htdocs\sisbeleza\js\ui\effects.slide.js --> alltasks.orgfree.com /sisbeleza/js/ui effects.slide.js
2009.10.18 02:31 B C:\Arquivos de programas\Apache Software Foundation\Apache2.2\htdocs\sisbeleza\js\ui\effects.transfer.js --> alltasks.orgfree.com /sisbeleza/js/ui effects.transfer.js
2009.10.18 02:32 B C:\Arquivos de programas\Apache Software Foundation\Apache2.2\htdocs\sisbeleza\js\ui\jquery-ui-1.7.2.custom.js --> alltasks.orgfree.com /sisbeleza/js/ui jquery-ui-1.7.2.custom.js
2009.10.18 02:32 B C:\Arquivos de programas\Apache Software Foundation\Apache2.2\htdocs\sisbeleza\js\ui\ui.accordion.js --> alltasks.orgfree.com /sisbeleza/js/ui ui.accordion.js
2009.10.18 02:32 B C:\Arquivos de programas\Apache Software Foundation\Apache2.2\htdocs\sisbeleza\js\ui\ui.core.js --> alltasks.orgfree.com /sisbeleza/js/ui ui.core.js
2009.10.18 02:32 B C:\Arquivos de programas\Apache Software Foundation\Apache2.2\htdocs\sisbeleza\js\ui\ui.datepicker.js --> alltasks.orgfree.com /sisbeleza/js/ui ui.datepicker.js
2009.10.18 02:32 B C:\Arquivos de programas\Apache Software Foundation\Apache2.2\htdocs\sisbeleza\js\ui\ui.dialog.js --> alltasks.orgfree.com /sisbeleza/js/ui ui.dialog.js
2009.10.18 02:32 B C:\Arquivos de programas\Apache Software Foundation\Apache2.2\htdocs\sisbeleza\js\ui\ui.draggable.js --> alltasks.orgfree.com /sisbeleza/js/ui ui.draggable.js
2009.10.18 02:32 B C:\Arquivos de programas\Apache Software Foundation\Apache2.2\htdocs\sisbeleza\js\ui\ui.droppable.js --> alltasks.orgfree.com /sisbeleza/js/ui ui.droppable.js
2009.10.18 02:32 B C:\Arquivos de programas\Apache Software Foundation\Apache2.2\htdocs\sisbeleza\js\ui\ui.progressbar.js --> alltasks.orgfree.com /sisbeleza/js/ui ui.progressbar.js
2009.10.18 02:32 B C:\Arquivos de programas\Apache Software Foundation\Apache2.2\htdocs\sisbeleza\js\ui\ui.resizable.js --> alltasks.orgfree.com /sisbeleza/js/ui ui.resizable.js
2009.10.18 02:32 B C:\Arquivos de programas\Apache Software Foundation\Apache2.2\htdocs\sisbeleza\js\ui\ui.selectable.js --> alltasks.orgfree.com /sisbeleza/js/ui ui.selectable.js
2009.10.18 02:32 B C:\Arquivos de programas\Apache Software Foundation\Apache2.2\htdocs\sisbeleza\js\ui\ui.slider.js --> alltasks.orgfree.com /sisbeleza/js/ui ui.slider.js
2009.10.18 02:32 B C:\Arquivos de programas\Apache Software Foundation\Apache2.2\htdocs\sisbeleza\js\ui\ui.sortable.js --> alltasks.orgfree.com /sisbeleza/js/ui ui.sortable.js
2009.10.18 02:32 B C:\Arquivos de programas\Apache Software Foundation\Apache2.2\htdocs\sisbeleza\js\ui\ui.tabs.js --> alltasks.orgfree.com /sisbeleza/js/ui ui.tabs.js
