2009.10.18 02:31 B C:\Arquivos de programas\Apache Software Foundation\Apache2.2\htdocs\sisbeleza\js\ui\i18n\jquery-ui-i18n.js --> alltasks.orgfree.com /sisbeleza/js/ui/i18n jquery-ui-i18n.js
2009.10.18 02:31 B C:\Arquivos de programas\Apache Software Foundation\Apache2.2\htdocs\sisbeleza\js\ui\i18n\ui.datepicker-ar.js --> alltasks.orgfree.com /sisbeleza/js/ui/i18n ui.datepicker-ar.js
2009.10.18 02:31 B C:\Arquivos de programas\Apache Software Foundation\Apache2.2\htdocs\sisbeleza\js\ui\i18n\ui.datepicker-bg.js --> alltasks.orgfree.com /sisbeleza/js/ui/i18n ui.datepicker-bg.js
2009.10.18 02:31 B C:\Arquivos de programas\Apache Software Foundation\Apache2.2\htdocs\sisbeleza\js\ui\i18n\ui.datepicker-ca.js --> alltasks.orgfree.com /sisbeleza/js/ui/i18n ui.datepicker-ca.js
2009.10.18 02:31 B C:\Arquivos de programas\Apache Software Foundation\Apache2.2\htdocs\sisbeleza\js\ui\i18n\ui.datepicker-cs.js --> alltasks.orgfree.com /sisbeleza/js/ui/i18n ui.datepicker-cs.js
2009.10.18 02:31 B C:\Arquivos de programas\Apache Software Foundation\Apache2.2\htdocs\sisbeleza\js\ui\i18n\ui.datepicker-da.js --> alltasks.orgfree.com /sisbeleza/js/ui/i18n ui.datepicker-da.js
2009.10.18 02:31 B C:\Arquivos de programas\Apache Software Foundation\Apache2.2\htdocs\sisbeleza\js\ui\i18n\ui.datepicker-de.js --> alltasks.orgfree.com /sisbeleza/js/ui/i18n ui.datepicker-de.js
2009.10.18 02:31 B C:\Arquivos de programas\Apache Software Foundation\Apache2.2\htdocs\sisbeleza\js\ui\i18n\ui.datepicker-el.js --> alltasks.orgfree.com /sisbeleza/js/ui/i18n ui.datepicker-el.js
2009.10.18 02:31 B C:\Arquivos de programas\Apache Software Foundation\Apache2.2\htdocs\sisbeleza\js\ui\i18n\ui.datepicker-eo.js --> alltasks.orgfree.com /sisbeleza/js/ui/i18n ui.datepicker-eo.js
2009.10.18 02:31 B C:\Arquivos de programas\Apache Software Foundation\Apache2.2\htdocs\sisbeleza\js\ui\i18n\ui.datepicker-es.js --> alltasks.orgfree.com /sisbeleza/js/ui/i18n ui.datepicker-es.js
2009.10.18 02:31 B C:\Arquivos de programas\Apache Software Foundation\Apache2.2\htdocs\sisbeleza\js\ui\i18n\ui.datepicker-fa.js --> alltasks.orgfree.com /sisbeleza/js/ui/i18n ui.datepicker-fa.js
2009.10.18 02:31 B C:\Arquivos de programas\Apache Software Foundation\Apache2.2\htdocs\sisbeleza\js\ui\i18n\ui.datepicker-fi.js --> alltasks.orgfree.com /sisbeleza/js/ui/i18n ui.datepicker-fi.js
2009.10.18 02:31 B C:\Arquivos de programas\Apache Software Foundation\Apache2.2\htdocs\sisbeleza\js\ui\i18n\ui.datepicker-fr.js --> alltasks.orgfree.com /sisbeleza/js/ui/i18n ui.datepicker-fr.js
2009.10.18 02:31 B C:\Arquivos de programas\Apache Software Foundation\Apache2.2\htdocs\sisbeleza\js\ui\i18n\ui.datepicker-he.js --> alltasks.orgfree.com /sisbeleza/js/ui/i18n ui.datepicker-he.js
2009.10.18 02:31 B C:\Arquivos de programas\Apache Software Foundation\Apache2.2\htdocs\sisbeleza\js\ui\i18n\ui.datepicker-hr.js --> alltasks.orgfree.com /sisbeleza/js/ui/i18n ui.datepicker-hr.js
2009.10.18 02:31 B C:\Arquivos de programas\Apache Software Foundation\Apache2.2\htdocs\sisbeleza\js\ui\i18n\ui.datepicker-hu.js --> alltasks.orgfree.com /sisbeleza/js/ui/i18n ui.datepicker-hu.js
2009.10.18 02:31 B C:\Arquivos de programas\Apache Software Foundation\Apache2.2\htdocs\sisbeleza\js\ui\i18n\ui.datepicker-hy.js --> alltasks.orgfree.com /sisbeleza/js/ui/i18n ui.datepicker-hy.js
2009.10.18 02:31 B C:\Arquivos de programas\Apache Software Foundation\Apache2.2\htdocs\sisbeleza\js\ui\i18n\ui.datepicker-id.js --> alltasks.orgfree.com /sisbeleza/js/ui/i18n ui.datepicker-id.js
2009.10.18 02:31 B C:\Arquivos de programas\Apache Software Foundation\Apache2.2\htdocs\sisbeleza\js\ui\i18n\ui.datepicker-is.js --> alltasks.orgfree.com /sisbeleza/js/ui/i18n ui.datepicker-is.js
2009.10.18 02:31 B C:\Arquivos de programas\Apache Software Foundation\Apache2.2\htdocs\sisbeleza\js\ui\i18n\ui.datepicker-it.js --> alltasks.orgfree.com /sisbeleza/js/ui/i18n ui.datepicker-it.js
2009.10.18 02:31 B C:\Arquivos de programas\Apache Software Foundation\Apache2.2\htdocs\sisbeleza\js\ui\i18n\ui.datepicker-ja.js --> alltasks.orgfree.com /sisbeleza/js/ui/i18n ui.datepicker-ja.js
2009.10.18 02:31 B C:\Arquivos de programas\Apache Software Foundation\Apache2.2\htdocs\sisbeleza\js\ui\i18n\ui.datepicker-ko.js --> alltasks.orgfree.com /sisbeleza/js/ui/i18n ui.datepicker-ko.js
2009.10.18 02:31 B C:\Arquivos de programas\Apache Software Foundation\Apache2.2\htdocs\sisbeleza\js\ui\i18n\ui.datepicker-lt.js --> alltasks.orgfree.com /sisbeleza/js/ui/i18n ui.datepicker-lt.js
2009.10.18 02:31 B C:\Arquivos de programas\Apache Software Foundation\Apache2.2\htdocs\sisbeleza\js\ui\i18n\ui.datepicker-lv.js --> alltasks.orgfree.com /sisbeleza/js/ui/i18n ui.datepicker-lv.js
2009.10.18 02:31 B C:\Arquivos de programas\Apache Software Foundation\Apache2.2\htdocs\sisbeleza\js\ui\i18n\ui.datepicker-ms.js --> alltasks.orgfree.com /sisbeleza/js/ui/i18n ui.datepicker-ms.js
2009.10.18 02:31 B C:\Arquivos de programas\Apache Software Foundation\Apache2.2\htdocs\sisbeleza\js\ui\i18n\ui.datepicker-nl.js --> alltasks.orgfree.com /sisbeleza/js/ui/i18n ui.datepicker-nl.js
2009.10.18 02:31 B C:\Arquivos de programas\Apache Software Foundation\Apache2.2\htdocs\sisbeleza\js\ui\i18n\ui.datepicker-no.js --> alltasks.orgfree.com /sisbeleza/js/ui/i18n ui.datepicker-no.js
2009.10.18 02:31 B C:\Arquivos de programas\Apache Software Foundation\Apache2.2\htdocs\sisbeleza\js\ui\i18n\ui.datepicker-pl.js --> alltasks.orgfree.com /sisbeleza/js/ui/i18n ui.datepicker-pl.js
2009.10.18 02:31 B C:\Arquivos de programas\Apache Software Foundation\Apache2.2\htdocs\sisbeleza\js\ui\i18n\ui.datepicker-pt-BR.js --> alltasks.orgfree.com /sisbeleza/js/ui/i18n ui.datepicker-pt-BR.js
2009.10.18 02:31 B C:\Arquivos de programas\Apache Software Foundation\Apache2.2\htdocs\sisbeleza\js\ui\i18n\ui.datepicker-ro.js --> alltasks.orgfree.com /sisbeleza/js/ui/i18n ui.datepicker-ro.js
2009.10.18 02:31 B C:\Arquivos de programas\Apache Software Foundation\Apache2.2\htdocs\sisbeleza\js\ui\i18n\ui.datepicker-ru.js --> alltasks.orgfree.com /sisbeleza/js/ui/i18n ui.datepicker-ru.js
2009.10.18 02:31 B C:\Arquivos de programas\Apache Software Foundation\Apache2.2\htdocs\sisbeleza\js\ui\i18n\ui.datepicker-sk.js --> alltasks.orgfree.com /sisbeleza/js/ui/i18n ui.datepicker-sk.js
2009.10.18 02:31 B C:\Arquivos de programas\Apache Software Foundation\Apache2.2\htdocs\sisbeleza\js\ui\i18n\ui.datepicker-sl.js --> alltasks.orgfree.com /sisbeleza/js/ui/i18n ui.datepicker-sl.js
2009.10.18 02:31 B C:\Arquivos de programas\Apache Software Foundation\Apache2.2\htdocs\sisbeleza\js\ui\i18n\ui.datepicker-sq.js --> alltasks.orgfree.com /sisbeleza/js/ui/i18n ui.datepicker-sq.js
2009.10.18 02:31 B C:\Arquivos de programas\Apache Software Foundation\Apache2.2\htdocs\sisbeleza\js\ui\i18n\ui.datepicker-sr-SR.js --> alltasks.orgfree.com /sisbeleza/js/ui/i18n ui.datepicker-sr-SR.js
2009.10.18 02:31 B C:\Arquivos de programas\Apache Software Foundation\Apache2.2\htdocs\sisbeleza\js\ui\i18n\ui.datepicker-sr.js --> alltasks.orgfree.com /sisbeleza/js/ui/i18n ui.datepicker-sr.js
2009.10.18 02:31 B C:\Arquivos de programas\Apache Software Foundation\Apache2.2\htdocs\sisbeleza\js\ui\i18n\ui.datepicker-sv.js --> alltasks.orgfree.com /sisbeleza/js/ui/i18n ui.datepicker-sv.js
2009.10.18 02:31 B C:\Arquivos de programas\Apache Software Foundation\Apache2.2\htdocs\sisbeleza\js\ui\i18n\ui.datepicker-th.js --> alltasks.orgfree.com /sisbeleza/js/ui/i18n ui.datepicker-th.js
2009.10.18 02:31 B C:\Arquivos de programas\Apache Software Foundation\Apache2.2\htdocs\sisbeleza\js\ui\i18n\ui.datepicker-tr.js --> alltasks.orgfree.com /sisbeleza/js/ui/i18n ui.datepicker-tr.js
2009.10.18 02:31 B C:\Arquivos de programas\Apache Software Foundation\Apache2.2\htdocs\sisbeleza\js\ui\i18n\ui.datepicker-uk.js --> alltasks.orgfree.com /sisbeleza/js/ui/i18n ui.datepicker-uk.js
2009.10.18 02:31 B C:\Arquivos de programas\Apache Software Foundation\Apache2.2\htdocs\sisbeleza\js\ui\i18n\ui.datepicker-zh-CN.js --> alltasks.orgfree.com /sisbeleza/js/ui/i18n ui.datepicker-zh-CN.js
2009.10.18 02:31 B C:\Arquivos de programas\Apache Software Foundation\Apache2.2\htdocs\sisbeleza\js\ui\i18n\ui.datepicker-zh-TW.js --> alltasks.orgfree.com /sisbeleza/js/ui/i18n ui.datepicker-zh-TW.js
